client12 11 client19 1 2021-04-03T16:02:31.286
giannhs 11 client15 2 2021-04-03T16:32:01.123
client4 17 client2 6 2021-04-10T16:55:07.451
WTF17 27 client13 21 2021-04-10T18:47:00.109
client9 3 GTXT10 12 2021-04-10T19:46:41.106
client17 18 GTXT5 11 2021-04-10T19:49:56.963
client0 15 GTXT15 4 2021-04-10T19:53:38.300
client4 9 GTXT5 24 2021-04-14T20:53:49.008677600
client12 5 GTXT6 25 2021-04-14T20:54:52.178699100
client5 24 GTXT8 3 2021-04-15T12:46:12.200
client1 26 GTXT16 2 2021-04-15T12:48:26.694
client14 24 GTXT6 5 2021-04-15T12:50:56.510
client10 38 GTXT2 7 2021-04-15T13:01:43.683
client2 27 GTXT19 7 2021-04-15T13:03:15.507
client9 46 GTXT11 6 2021-04-15T13:08:17.690
client0 8 GTXT3 21 2021-04-15T13:10:16.154
client6 5 GTXT3 14 2021-04-15T13:12:29.737
client11 2 GTXT19 17 2021-04-15T14:57:10.506
client7 5 GTXT4 23 2021-04-15T14:57:32.434
client3 6 GTXT7 30 2021-04-15T14:58:01.296
giannhs 15 GTXT5 7 2021-04-15T15:01:32.037
client12 4 GTXT17 29 2021-04-15T15:02:32.078
giannhs 19 GTXT10 4 2021-04-15T15:03:22.465
giannhs 15 GTXT15 1 2021-04-15T15:05:51.520
giannhs 19 GTXT12 2 2021-04-15T15:13:44.660
giannhs 19 GTXT12 1 2021-04-27T19:41:13.449311
client8 12 GTXT3 24 2021-04-27T19:42:12.321480200
GTXT12 18 client1 6 2021-04-27T22:15:48.010246100
GTXT17 20 client2 1 2021-04-27T22:50:08.674153300
GTXT15 12 client15 0 2021-04-27T22:51:37.681637600
GTXT0 16 client19 3 2021-04-27T22:52:24.013159700
GTXT15 18 client13 1 2021-04-27T22:55:10.709775400
client1 2 GTXT8 13 2021-04-27T23:18:22.454627800
client18 2 GTXT7 11 2021-04-27T23:18:54.859938200
client6 24 GTXT3 27 2021-04-27T23:22:26.189585800
GTXT11 3 giannhs 15 2021-04-27T23:23:53.239483
giannhs 23 GTXT17 3 2021-04-27T23:35:41.124505200
giannhs 15 GTXT2 0 2021-04-27T23:38:14.789474500
client7 23 GTXT8 6 2021-04-28T18:15:56.281863900
GTXT7 14 client7 4 2021-04-30T11:20:55.105
client10 26 GTXT14 16 2021-04-30T11:21:27.583
GTXT19 13 client12 3 2021-04-30T11:22:04.038
GTXT9 32 client6 26 2021-04-30T11:22:45.849
GTXT10 30 client15 18 2021-04-30T11:24:32.585
GTXT11 19 client7 6 2021-04-30T11:24:59.709
client2 22 GTXT1 8 2021-04-30T11:25:53.103
client15 5 GTXT10 24 2021-04-30T11:29:22.764
client7 2 GTXT6 16 2021-04-30T11:29:44.187
GTXT14 24 client11 7 2021-04-30T11:34:21.583
client7 4 GTXT3 13 2021-04-30T11:34:58.517
GTXT10 20 client6 11 2021-04-30T20:41:07.326
client12 2 GTXT8 11 2021-04-30T20:41:33.646
GTXT2 18 client3 1 2021-04-30T20:42:06.537
client9 12 GTXT6 18 2021-04-30T20:42:29.463
GTXT6 16 client3 2 2021-04-30T20:43:03.992
client6 5 GTXT0 12 2021-04-30T20:43:23.805
client18 11 GTXT19 14 2021-04-30T21:11:01.587
GTXT19 5 giannhs 17 2021-04-30T21:12:17.913
client13 12 GTXT2 19 2021-04-30T21:13:57.759
client13 12 GTXT13 13 2021-04-30T21:14:51.910
client18 6 GTXT8 14 2021-04-30T21:15:56.441
GTXT8 15 client1 5 2021-04-30T21:17:29.712
client10 11 GTXT3 16 2021-04-30T21:18:57.514
client8 3 GTXT4 15 2021-04-30T21:20:22.134
client6 5 GTXT18 19 2021-04-30T21:25:34.058
GTXT18 9 client16 0 2021-04-30T21:26:34.199
GTXT6 18 client7 8 2021-04-30T21:26:59.345
client11 17 GTXT19 21 2021-04-30T21:47:51.865
client7 23 GTXT14 16 2021-04-30T22:05:05.911
client5 15 GTXT3 23 2021-04-30T22:14:19.814
GTXT18 18 client16 2 2021-04-30T22:16:03.381
GTXT7 11 client3 1 2021-04-30T22:16:22.427
GTXT9 11 client9 1 2021-04-30T22:16:41.547
client0 12 GTXT9 14 2021-04-30T22:17:11.926
client14 12 GTXT14 20 2021-04-30T22:18:51.059
client3 6 GTXT0 13 2021-04-30T22:20:53.546
client9 10 GTXT8 20 2021-04-30T22:22:41.399
GTXT6 13 client17 5 2021-04-30T22:25:09.915
client13 16 GTXT7 1 2021-04-30T22:27:06.312
client7 2 GTXT9 9 2021-04-30T22:28:01.257
client12 11 GTXT18 1 2021-04-30T22:28:42.996
client0 5 GTXT7 12 2021-04-30T22:29:33.952
client0 10 GTXT14 21 2021-04-30T22:30:35.181
GTXT11 12 client2 3 2021-04-30T22:31:00.325
client11 10 GTXT7 3 2021-04-30T22:31:58.954
client0 4 GTXT17 10 2021-04-30T22:32:52.519
client4 10 GTXT14 22 2021-04-30T22:35:00.488
client14 0 GTXT2 12 2021-04-30T22:36:16.063
client17 3 GTXT6 16 2021-04-30T22:53:47.189
client5 13 GTXT19 5 2021-04-30T23:08:04.600
client4 6 GTXT11 15 2021-04-30T23:10:03.581
client15 11 GTXT4 0 2021-04-30T23:15:10.904
client14 11 GTXT17 2 2021-04-30T23:17:13.181
client14 9 GTXT9 4 2021-04-30T23:21:01.605
client2 34 GTXT12 1 2021-04-30T23:27:41.724
client13 41 GTXT9 15 2021-04-30T23:33:13.301
client4 27 GTXT19 2 2021-04-30T23:35:22.846
client10 12 GTXT7 0 2021-05-01T00:02:24.449
client0 44 GTXT19 13 2021-05-01T00:06:39.276
client2 22 GTXT6 3 2021-05-01T00:25:03.047
